2021-09-09 22:27:47.420552Z	warn	base	config/default.go:369	no IP or interface name configured
2021-09-09 22:27:47.436685Z	info	base	api/config.go:302	
-------Start to init SDKContext of version 0.9.0, IP: , PID: 660, UID: D8113C3A-C3EF-43B5-B094-62CA000A1407, CONTAINER: , HOSTNAME:-------
2021-09-09 22:27:47.436685Z	info	base	grpc/operation_async.go:81	set grpc plugin as connectionCreator
2021-09-09 22:27:47.436685Z	info	base	plugin/manage.go:235	Initialized plugin type serverConnector, name grpc, id 15
2021-09-09 22:27:47.436685Z	info	base	plugin/manage.go:235	Initialized plugin type serviceRouter, name canaryRouter, id 16
2021-09-09 22:27:47.436685Z	info	base	plugin/manage.go:235	Initialized plugin type serviceRouter, name dstMetaRouter, id 17
2021-09-09 22:27:47.437661Z	info	base	plugin/manage.go:235	Initialized plugin type serviceRouter, name filterOnlyRouter, id 18
2021-09-09 22:27:47.437661Z	info	base	plugin/manage.go:235	Initialized plugin type serviceRouter, name nearbyBasedRouter, id 19
2021-09-09 22:27:47.482585Z	info	base	plugin/manage.go:235	Initialized plugin type serviceRouter, name ruleBasedRouter, id 20
2021-09-09 22:27:47.482585Z	info	base	plugin/manage.go:235	Initialized plugin type serviceRouter, name setDivisionRouter, id 21
2021-09-09 22:27:47.482585Z	info	base	plugin/manage.go:235	Initialized plugin type loadBalancer, name maglev, id 5
2021-09-09 22:27:47.482585Z	info	base	plugin/manage.go:235	Initialized plugin type loadBalancer, name l5cst, id 6
2021-09-09 22:27:47.482585Z	info	base	plugin/manage.go:235	Initialized plugin type loadBalancer, name ringHash, id 7
2021-09-09 22:27:47.527036Z	info	base	plugin/manage.go:235	Initialized plugin type loadBalancer, name weightedRandom, id 8
2021-09-09 22:27:47.527036Z	info	base	plugin/manage.go:235	Initialized plugin type loadBalancer, name hash, id 4
2021-09-09 22:27:47.527036Z	info	base	plugin/manage.go:235	Initialized plugin type outlierDetector, name http, id 10
2021-09-09 22:27:47.527036Z	info	base	plugin/manage.go:235	Initialized plugin type outlierDetector, name tcp, id 11
2021-09-09 22:27:47.527036Z	info	base	plugin/manage.go:235	Initialized plugin type outlierDetector, name udp, id 12
2021-09-09 22:27:47.527036Z	info	base	plugin/manage.go:235	Initialized plugin type circuitBreaker, name errorRate, id 3
2021-09-09 22:27:47.527036Z	info	base	plugin/manage.go:235	Initialized plugin type circuitBreaker, name errorCount, id 2
2021-09-09 22:27:47.527036Z	info	base	plugin/manage.go:235	Initialized plugin type weightAdjuster, name rateDelayAdjuster, id 27
2021-09-09 22:27:47.527036Z	info	base	plugin/manage.go:235	Initialized plugin type statReporter, name serviceRoute, id 25
2021-09-09 22:27:47.528013Z	info	base	plugin/manage.go:235	Initialized plugin type statReporter, name stat2Monitor, id 22
2021-09-09 22:27:47.528013Z	info	base	plugin/manage.go:235	Initialized plugin type statReporter, name rateLimitRecord, id 23
2021-09-09 22:27:47.528013Z	info	base	plugin/manage.go:235	Initialized plugin type statReporter, name serviceCache, id 24
2021-09-09 22:27:47.528013Z	info	base	plugin/manage.go:235	Initialized plugin type alarmReporter, name alarm2file, id 1
2021-09-09 22:27:47.528013Z	info	base	inmemory/inmemory.go:165	LocalCache Real persistDir:C:\Users\redgr/polaris/backup
2021-09-09 22:27:47.528989Z	info	base	plugin/manage.go:235	Initialized plugin type localRegistry, name inmemory, id 9
2021-09-09 22:27:47.528989Z	info	base	plugin/manage.go:235	Initialized plugin type rateLimiter, name reject, id 13
2021-09-09 22:27:47.528989Z	info	base	plugin/manage.go:235	Initialized plugin type rateLimiter, name unirate, id 14
2021-09-09 22:27:47.528989Z	info	base	plugin/manage.go:235	Initialized plugin type subScribe, name subscribeLocalChannel, id 26
2021-09-09 22:27:47.571489Z	info	base	api/config.go:329	
D8113C3A-C3EF-43B5-B094-62CA000A1407, -------Configuration with default value-------
global:
  system:
    mode: 0
    discoverCluster:
      namespace: Polaris
      service: polaris.discover
      refreshInterval: 10m0s
    healthCheckCluster:
      namespace: Polaris
      service: polaris.healthcheck
      refreshInterval: 10m0s
    monitorCluster:
      namespace: Polaris
      service: polaris.monitor
      refreshInterval: 10m0s
    rateLimitCluster: null
    metricCluster: null
    variables: {}
  api:
    timeout: 1s
    bindIf: ""
    bindIP: ""
    reportInterval: 10m0s
    maxRetryTimes: 1
    retryInterval: 1s
  serverConnector:
    addresses:
    - 9.141.66.219:8081
    - 9.141.65.110:8081
    - 9.141.65.29:8081
    - 9.141.121.7:8081
    - 9.146.200.81:8081
    - 9.146.202.35:8081
    - 9.146.205.191:8081
    - 9.146.200.61:8081
    - 9.141.66.244:8081
    - 9.146.202.27:8081
    protocol: grpc
    connectTimeout: 500ms
    messageTimeout: 1.5s
    connectionIdleTimeout: 3s
    requestQueueSize: 1000
    serverSwitchInterval: 10m0s
    reconnectInterval: 500ms
    joinPoint: ""
    plugin:
      grpc:
        maxCallRecvMsgSize: 52428800
  statReporter:
    enable: true
    chain:
    - stat2Monitor
    - serviceCache
    - rateLimitRecord
    - serviceRoute
    plugin:
      rateLimitRecord:
        reportInterval: 1m0s
      serviceCache:
        reportInterval: 3m0s
      serviceRoute:
        reportInterval: 5m0s
      stat2Monitor:
        metricsReportWindow: 1m0s
        metricsNumBuckets: 12
consumer:
  localCache:
    serviceExpireTime: 24h0m0s
    serviceRefreshInterval: 2s
    persistDir: $HOME/polaris/backup
    type: inmemory
    persistMaxWriteRetry: 5
    persistMaxReadRetry: 1
    persistRetryInterval: 1s
    persistAvailableInterval: 1m0s
    startUseFileCache: true
    plugin: {}
  serviceRouter:
    chain:
    - ruleBasedRouter
    - nearbyBasedRouter
    plugin:
      nearbyBasedRouter:
        matchLevel: zone
        maxMatchLevel: ""
        strictNearby: false
        enableDegradeByUnhealthyPercent: true
        unhealthyPercentToDegrade: 100
    percentOfMinInstances: 0
    enableRecoverAll: true
  loadbalancer:
    type: weightedRandom
    plugin:
      hash:
        hashFunction: murmur3
      maglev:
        hashFunction: murmur3
        tableSize: 65537
      ringHash:
        hashFunction: murmur3
        vnodeCount: 10
  circuitBreaker:
    enable: true
    checkPeriod: 30s
    chain:
    - errorCount
    - errorRate
    sleepWindow: 30s
    requestCountAfterHalfOpen: 10
    successCountAfterHalfOpen: 8
    recoverWindow: 1m0s
    recoverNumBuckets: 10
    plugin:
      errorCount:
        continuousErrorThreshold: 10
        metricStatTimeWindow: 1m0s
        metricNumBuckets: 10
      errorRate:
        requestVolumeThreshold: 10
        errorRatePercent: 50
        errorRateThreshold: 0
        metricStatTimeWindow: 1m0s
        metricNumBuckets: 5
  outlierDetection:
    enable: false
    checkPeriod: 10s
    chain: []
    plugin:
      http:
        timeout: 100ms
        path: ""
      tcp:
        timeout: 100ms
        retry: 0
        send: ""
        receive: ""
      udp:
        timeout: 100ms
        retry: 0
        send: ""
        receive: ""
  subscribe:
    type: subscribeLocalChannel
    plugin:
      subscribeLocalChannel:
        channelBufferSize: 30
  servicesSpecific:
  - namespace: Polaris
    service: polaris.discover
    serviceRouter:
      chain:
      - ruleBasedRouter
      - nearbyBasedRouter
      plugin:
        nearbyBasedRouter:
          matchLevel: region
          maxMatchLevel: ""
          strictNearby: false
          enableDegradeByUnhealthyPercent: true
          unhealthyPercentToDegrade: 100
      percentOfMinInstances: 0
      enableRecoverAll: true
    circuitBreaker:
      enable: true
      checkPeriod: 30s
      chain:
      - errorCount
      - errorRate
      sleepWindow: 30s
      requestCountAfterHalfOpen: 10
      successCountAfterHalfOpen: 8
      recoverWindow: 1m0s
      recoverNumBuckets: 10
      plugin:
        errorCount:
          continuousErrorThreshold: 1
          metricStatTimeWindow: 1m0s
          metricNumBuckets: 10
        errorRate:
          requestVolumeThreshold: 10
          errorRatePercent: 50
          errorRateThreshold: 0
          metricStatTimeWindow: 1m0s
          metricNumBuckets: 5
provider:
  rateLimit:
    enable: true
    plugin:
      unirate:
        maxQueuingTime: 1s
    mode: "\x01"
    rateLimitCluster:
      namespace: ""
      service: ""
      refreshInterval: 10m0s
    maxWindowSize: 20000
    purgeInterval: 1m0s

2021-09-09 22:27:47.571489Z	info	base	api/config.go:334	
-------D8113C3A-C3EF-43B5-B094-62CA000A1407, All plugins and engine initialized successfully-------
2021-09-09 22:27:47.572466Z	info	base	common/cache_persist.go:138	Start to load cache from C:\Users\redgr\polaris\backup\client_info.json
2021-09-09 22:27:47.572466Z	warn	base	startup/client_report.go:72	fail to load local region info from client_info.json, err is load message from C:\Users\redgr\polaris\backup\client_info.json failed after retry 0 times Polaris-3001(ErrCodeUnknown): fail to read file cache, cause: open C:\Users\redgr\polaris\backup\client_info.json: The system cannot find the file specified.
2021-09-09 22:27:47.572466Z	info	base	schedule/routines.go:210	item clientReportTask in task clientReportTask has added
2021-09-09 22:27:47.572466Z	info	base	schedule/routines.go:105	task clientReportTask started period 5m0s
2021-09-09 22:27:47.572466Z	info	base	schedule/routines.go:255	task clientReportTask has been started
2021-09-09 22:27:47.572466Z	info	base	schedule/routines.go:210	item discoverService in task syncGetServerService has added
2021-09-09 22:27:47.572466Z	info	base	schedule/routines.go:105	task syncGetServerService started period 2.5s
2021-09-09 22:27:47.572466Z	info	base	schedule/routines.go:255	task syncGetServerService has been started
2021-09-09 22:27:47.572466Z	info	base	schedule/routines.go:210	item sdkConfigReportTask in task sdkConfigReportTask has added
2021-09-09 22:27:47.572466Z	info	base	schedule/routines.go:105	task sdkConfigReportTask started period 2m30s
2021-09-09 22:27:47.572466Z	info	base	schedule/routines.go:255	task sdkConfigReportTask has been started
2021-09-09 22:27:47.572466Z	info	base	api/config.go:344	
-------D8113C3A-C3EF-43B5-B094-62CA000A1407, All plugins and engine started successfully-------
2021-09-09 22:27:47.572466Z	info	base	inmemory/inmemory.go:524	D8113C3A-C3EF-43B5-B094-62CA000A1407, start to register event handler for {namespace: "Polaris", service: "polaris.discover", event: instance}
2021-09-09 22:27:47.572466Z	info	base	common/discover.go:941	D8113C3A-C3EF-43B5-B094-62CA000A1407, addFirstTask: start to add first task for {namespace: "Polaris", service: "polaris.discover", event: instance, longRun: firstTask}
2021-09-09 22:27:47.572466Z	info	base	common/discover.go:949	D8113C3A-C3EF-43B5-B094-62CA000A1407, addFirstTask: finish add first task for {namespace: "Polaris", service: "polaris.discover", event: instance, longRun: firstTask}
2021-09-09 22:27:47.572466Z	info	base	inmemory/inmemory.go:526	D8113C3A-C3EF-43B5-B094-62CA000A1407, finish register event handler for {namespace: "Polaris", service: "polaris.discover", event: instance}, err <nil>
2021-09-09 22:27:47.572466Z	info	base	inmemory/inmemory.go:524	D8113C3A-C3EF-43B5-B094-62CA000A1407, start to register event handler for {namespace: "Polaris", service: "polaris.discover", event: routing}
2021-09-09 22:27:47.572466Z	info	base	common/discover.go:941	D8113C3A-C3EF-43B5-B094-62CA000A1407, addFirstTask: start to add first task for {namespace: "Polaris", service: "polaris.discover", event: routing, longRun: firstTask}
2021-09-09 22:27:47.572466Z	info	base	common/discover.go:949	D8113C3A-C3EF-43B5-B094-62CA000A1407, addFirstTask: finish add first task for {namespace: "Polaris", service: "polaris.discover", event: routing, longRun: firstTask}
2021-09-09 22:27:47.572466Z	info	base	inmemory/inmemory.go:526	D8113C3A-C3EF-43B5-B094-62CA000A1407, finish register event handler for {namespace: "Polaris", service: "polaris.discover", event: routing}, err <nil>
2021-09-09 22:27:48.073163Z	warn	base	common/discover.go:255	retry: task {namespace: "Polaris", service: "polaris.discover", event: instance} for error fail to connect to 9.141.66.219:8081, timeout is 500.6972ms, service is {ServiceKey: {namespace: "Polaris", service: "polaris-default"}, ClusterType: builtin}, because context deadline exceeded
2021-09-09 22:27:48.073163Z	info	base	common/discover.go:175	retry: start add priority task {namespace: "Polaris", service: "polaris.discover", event: instance}
2021-09-09 22:27:48.074139Z	info	base	common/discover.go:195	retry: start schedule task {namespace: "Polaris", service: "polaris.discover", event: instance}
2021-09-09 22:27:48.080976Z	error	base	startup/client_report.go:113	report client info:&{Host: Version:0.9.0 Timeout:1s PersistHandler:0xe751c0}, error:Polaris-1007(ErrCodeNetworkError): fail to get connection, opKey ReportClient, cause: discover service {ServiceKey: {namespace: "Polaris", service: "polaris.discover"}, ClusterType: discover} is not ready
2021-09-09 22:27:48.080976Z	info	base	api/config.go:352	
-------D8113C3A-C3EF-43B5-B094-62CA000A1407, SDKContext init successfully-------
2021-09-09 22:27:48.080976Z	info	base	schedule/routines.go:83	task quota-metric has been destroy
2021-09-09 22:27:48.080976Z	info	base	schedule/routines.go:83	task circuitBreakTask has been destroy
2021-09-09 22:27:48.080976Z	info	base	schedule/routines.go:83	task clientReportTask has been destroy
2021-09-09 22:27:48.080976Z	info	base	schedule/routines.go:83	task syncGetServerService has been destroy
2021-09-09 22:27:48.080976Z	info	base	schedule/routines.go:83	task sdkConfigReportTask has been destroy
2021-09-09 22:27:48.080976Z	info	base	schedule/routines.go:177	task clientReportTask has done
2021-09-09 22:27:48.080976Z	info	base	ratelimit/ratelimit.go:202	uploadRateLimitRecord of rateLimitRecord stat_monitor has been terminated
2021-09-09 22:27:48.080976Z	info	base	monitor/stat_monitor.go:236	uploadStat of statReporter stat_monitor has been terminated
2021-09-09 22:27:48.080976Z	info	base	serviceinfo/service_info.go:441	uploadStatusHistory of serviceInfo stat_monitor has been terminated
2021-09-09 22:29:59.153971Z	warn	base	config/default.go:369	no IP or interface name configured
2021-09-09 22:29:59.169125Z	info	base	api/config.go:302	
-------Start to init SDKContext of version 0.9.0, IP: , PID: 19408, UID: 77E98CF2-A909-40B4-9D30-D0E49DF92A43, CONTAINER: , HOSTNAME:-------
2021-09-09 22:29:59.169125Z	info	base	grpc/operation_async.go:81	set grpc plugin as connectionCreator
2021-09-09 22:29:59.169125Z	info	base	plugin/manage.go:235	Initialized plugin type serverConnector, name grpc, id 15
2021-09-09 22:29:59.169125Z	info	base	plugin/manage.go:235	Initialized plugin type serviceRouter, name canaryRouter, id 16
2021-09-09 22:29:59.169125Z	info	base	plugin/manage.go:235	Initialized plugin type serviceRouter, name dstMetaRouter, id 17
2021-09-09 22:29:59.169125Z	info	base	plugin/manage.go:235	Initialized plugin type serviceRouter, name filterOnlyRouter, id 18
2021-09-09 22:29:59.169125Z	info	base	plugin/manage.go:235	Initialized plugin type serviceRouter, name nearbyBasedRouter, id 19
2021-09-09 22:29:59.213104Z	info	base	plugin/manage.go:235	Initialized plugin type serviceRouter, name ruleBasedRouter, id 20
2021-09-09 22:29:59.213104Z	info	base	plugin/manage.go:235	Initialized plugin type serviceRouter, name setDivisionRouter, id 21
2021-09-09 22:29:59.213104Z	info	base	plugin/manage.go:235	Initialized plugin type loadBalancer, name hash, id 4
2021-09-09 22:29:59.213104Z	info	base	plugin/manage.go:235	Initialized plugin type loadBalancer, name maglev, id 5
2021-09-09 22:29:59.213104Z	info	base	plugin/manage.go:235	Initialized plugin type loadBalancer, name l5cst, id 6
2021-09-09 22:29:59.213104Z	info	base	plugin/manage.go:235	Initialized plugin type loadBalancer, name ringHash, id 7
2021-09-09 22:29:59.255603Z	info	base	plugin/manage.go:235	Initialized plugin type loadBalancer, name weightedRandom, id 8
2021-09-09 22:29:59.255603Z	info	base	plugin/manage.go:235	Initialized plugin type outlierDetector, name http, id 10
2021-09-09 22:29:59.255603Z	info	base	plugin/manage.go:235	Initialized plugin type outlierDetector, name tcp, id 11
2021-09-09 22:29:59.255603Z	info	base	plugin/manage.go:235	Initialized plugin type outlierDetector, name udp, id 12
2021-09-09 22:29:59.255603Z	info	base	plugin/manage.go:235	Initialized plugin type circuitBreaker, name errorCount, id 2
2021-09-09 22:29:59.255603Z	info	base	plugin/manage.go:235	Initialized plugin type circuitBreaker, name errorRate, id 3
2021-09-09 22:29:59.255603Z	info	base	plugin/manage.go:235	Initialized plugin type weightAdjuster, name rateDelayAdjuster, id 27
2021-09-09 22:29:59.256579Z	info	base	plugin/manage.go:235	Initialized plugin type statReporter, name stat2Monitor, id 22
2021-09-09 22:29:59.256579Z	info	base	plugin/manage.go:235	Initialized plugin type statReporter, name rateLimitRecord, id 23
2021-09-09 22:29:59.256579Z	info	base	plugin/manage.go:235	Initialized plugin type statReporter, name serviceCache, id 24
2021-09-09 22:29:59.256579Z	info	base	plugin/manage.go:235	Initialized plugin type statReporter, name serviceRoute, id 25
2021-09-09 22:29:59.256579Z	info	base	plugin/manage.go:235	Initialized plugin type alarmReporter, name alarm2file, id 1
2021-09-09 22:29:59.256579Z	info	base	inmemory/inmemory.go:165	LocalCache Real persistDir:C:\Users\redgr/polaris/backup
2021-09-09 22:29:59.257556Z	info	base	plugin/manage.go:235	Initialized plugin type localRegistry, name inmemory, id 9
2021-09-09 22:29:59.257556Z	info	base	plugin/manage.go:235	Initialized plugin type rateLimiter, name reject, id 13
2021-09-09 22:29:59.257556Z	info	base	plugin/manage.go:235	Initialized plugin type rateLimiter, name unirate, id 14
2021-09-09 22:29:59.257556Z	info	base	plugin/manage.go:235	Initialized plugin type subScribe, name subscribeLocalChannel, id 26
2021-09-09 22:29:59.301068Z	info	base	api/config.go:329	
77E98CF2-A909-40B4-9D30-D0E49DF92A43, -------Configuration with default value-------
global:
  system:
    mode: 0
    discoverCluster:
      namespace: Polaris
      service: polaris.discover
      refreshInterval: 10m0s
    healthCheckCluster:
      namespace: Polaris
      service: polaris.healthcheck
      refreshInterval: 10m0s
    monitorCluster:
      namespace: Polaris
      service: polaris.monitor
      refreshInterval: 10m0s
    rateLimitCluster: null
    metricCluster: null
    variables: {}
  api:
    timeout: 1s
    bindIf: ""
    bindIP: ""
    reportInterval: 10m0s
    maxRetryTimes: 1
    retryInterval: 1s
  serverConnector:
    addresses:
    - 9.141.66.219:8081
    - 9.141.65.110:8081
    - 9.141.65.29:8081
    - 9.141.121.7:8081
    - 9.146.200.81:8081
    - 9.146.202.35:8081
    - 9.146.205.191:8081
    - 9.146.200.61:8081
    - 9.141.66.244:8081
    - 9.146.202.27:8081
    protocol: grpc
    connectTimeout: 500ms
    messageTimeout: 1.5s
    connectionIdleTimeout: 3s
    requestQueueSize: 1000
    serverSwitchInterval: 10m0s
    reconnectInterval: 500ms
    joinPoint: ""
    plugin:
      grpc:
        maxCallRecvMsgSize: 52428800
  statReporter:
    enable: true
    chain:
    - stat2Monitor
    - serviceCache
    - rateLimitRecord
    - serviceRoute
    plugin:
      rateLimitRecord:
        reportInterval: 1m0s
      serviceCache:
        reportInterval: 3m0s
      serviceRoute:
        reportInterval: 5m0s
      stat2Monitor:
        metricsReportWindow: 1m0s
        metricsNumBuckets: 12
consumer:
  localCache:
    serviceExpireTime: 24h0m0s
    serviceRefreshInterval: 2s
    persistDir: $HOME/polaris/backup
    type: inmemory
    persistMaxWriteRetry: 5
    persistMaxReadRetry: 1
    persistRetryInterval: 1s
    persistAvailableInterval: 1m0s
    startUseFileCache: true
    plugin: {}
  serviceRouter:
    chain:
    - ruleBasedRouter
    - nearbyBasedRouter
    plugin:
      nearbyBasedRouter:
        matchLevel: zone
        maxMatchLevel: ""
        strictNearby: false
        enableDegradeByUnhealthyPercent: true
        unhealthyPercentToDegrade: 100
    percentOfMinInstances: 0
    enableRecoverAll: true
  loadbalancer:
    type: weightedRandom
    plugin:
      hash:
        hashFunction: murmur3
      maglev:
        hashFunction: murmur3
        tableSize: 65537
      ringHash:
        hashFunction: murmur3
        vnodeCount: 10
  circuitBreaker:
    enable: true
    checkPeriod: 30s
    chain:
    - errorCount
    - errorRate
    sleepWindow: 30s
    requestCountAfterHalfOpen: 10
    successCountAfterHalfOpen: 8
    recoverWindow: 1m0s
    recoverNumBuckets: 10
    plugin:
      errorCount:
        continuousErrorThreshold: 10
        metricStatTimeWindow: 1m0s
        metricNumBuckets: 10
      errorRate:
        requestVolumeThreshold: 10
        errorRatePercent: 50
        errorRateThreshold: 0
        metricStatTimeWindow: 1m0s
        metricNumBuckets: 5
  outlierDetection:
    enable: false
    checkPeriod: 10s
    chain: []
    plugin:
      http:
        timeout: 100ms
        path: ""
      tcp:
        timeout: 100ms
        retry: 0
        send: ""
        receive: ""
      udp:
        timeout: 100ms
        retry: 0
        send: ""
        receive: ""
  subscribe:
    type: subscribeLocalChannel
    plugin:
      subscribeLocalChannel:
        channelBufferSize: 30
  servicesSpecific:
  - namespace: Polaris
    service: polaris.discover
    serviceRouter:
      chain:
      - ruleBasedRouter
      - nearbyBasedRouter
      plugin:
        nearbyBasedRouter:
          matchLevel: region
          maxMatchLevel: ""
          strictNearby: false
          enableDegradeByUnhealthyPercent: true
          unhealthyPercentToDegrade: 100
      percentOfMinInstances: 0
      enableRecoverAll: true
    circuitBreaker:
      enable: true
      checkPeriod: 30s
      chain:
      - errorCount
      - errorRate
      sleepWindow: 30s
      requestCountAfterHalfOpen: 10
      successCountAfterHalfOpen: 8
      recoverWindow: 1m0s
      recoverNumBuckets: 10
      plugin:
        errorCount:
          continuousErrorThreshold: 1
          metricStatTimeWindow: 1m0s
          metricNumBuckets: 10
        errorRate:
          requestVolumeThreshold: 10
          errorRatePercent: 50
          errorRateThreshold: 0
          metricStatTimeWindow: 1m0s
          metricNumBuckets: 5
provider:
  rateLimit:
    enable: true
    plugin:
      unirate:
        maxQueuingTime: 1s
    mode: "\x01"
    rateLimitCluster:
      namespace: ""
      service: ""
      refreshInterval: 10m0s
    maxWindowSize: 20000
    purgeInterval: 1m0s

2021-09-09 22:29:59.301068Z	info	base	api/config.go:334	
-------77E98CF2-A909-40B4-9D30-D0E49DF92A43, All plugins and engine initialized successfully-------
2021-09-09 22:29:59.302044Z	info	base	common/cache_persist.go:138	Start to load cache from C:\Users\redgr\polaris\backup\client_info.json
2021-09-09 22:29:59.302044Z	warn	base	startup/client_report.go:72	fail to load local region info from client_info.json, err is load message from C:\Users\redgr\polaris\backup\client_info.json failed after retry 0 times Polaris-3001(ErrCodeUnknown): fail to read file cache, cause: open C:\Users\redgr\polaris\backup\client_info.json: The system cannot find the file specified.
2021-09-09 22:29:59.302044Z	info	base	schedule/routines.go:210	item clientReportTask in task clientReportTask has added
2021-09-09 22:29:59.302044Z	info	base	schedule/routines.go:105	task clientReportTask started period 5m0s
2021-09-09 22:29:59.302044Z	info	base	schedule/routines.go:255	task clientReportTask has been started
2021-09-09 22:29:59.302044Z	info	base	schedule/routines.go:210	item discoverService in task syncGetServerService has added
2021-09-09 22:29:59.302044Z	info	base	schedule/routines.go:105	task syncGetServerService started period 2.5s
2021-09-09 22:29:59.302044Z	info	base	schedule/routines.go:255	task syncGetServerService has been started
2021-09-09 22:29:59.302044Z	info	base	schedule/routines.go:210	item sdkConfigReportTask in task sdkConfigReportTask has added
2021-09-09 22:29:59.302044Z	info	base	schedule/routines.go:105	task sdkConfigReportTask started period 2m30s
2021-09-09 22:29:59.302044Z	info	base	schedule/routines.go:255	task sdkConfigReportTask has been started
2021-09-09 22:29:59.302044Z	info	base	api/config.go:344	
-------77E98CF2-A909-40B4-9D30-D0E49DF92A43, All plugins and engine started successfully-------
2021-09-09 22:29:59.302044Z	info	base	inmemory/inmemory.go:524	77E98CF2-A909-40B4-9D30-D0E49DF92A43, start to register event handler for {namespace: "Polaris", service: "polaris.discover", event: instance}
2021-09-09 22:29:59.303021Z	info	base	common/discover.go:941	77E98CF2-A909-40B4-9D30-D0E49DF92A43, addFirstTask: start to add first task for {namespace: "Polaris", service: "polaris.discover", event: instance, longRun: firstTask}
2021-09-09 22:29:59.303021Z	info	base	common/discover.go:949	77E98CF2-A909-40B4-9D30-D0E49DF92A43, addFirstTask: finish add first task for {namespace: "Polaris", service: "polaris.discover", event: instance, longRun: firstTask}
2021-09-09 22:29:59.303021Z	info	base	inmemory/inmemory.go:526	77E98CF2-A909-40B4-9D30-D0E49DF92A43, finish register event handler for {namespace: "Polaris", service: "polaris.discover", event: instance}, err <nil>
2021-09-09 22:29:59.303021Z	info	base	inmemory/inmemory.go:524	77E98CF2-A909-40B4-9D30-D0E49DF92A43, start to register event handler for {namespace: "Polaris", service: "polaris.discover", event: routing}
2021-09-09 22:29:59.303021Z	info	base	common/discover.go:941	77E98CF2-A909-40B4-9D30-D0E49DF92A43, addFirstTask: start to add first task for {namespace: "Polaris", service: "polaris.discover", event: routing, longRun: firstTask}
2021-09-09 22:29:59.303021Z	info	base	common/discover.go:949	77E98CF2-A909-40B4-9D30-D0E49DF92A43, addFirstTask: finish add first task for {namespace: "Polaris", service: "polaris.discover", event: routing, longRun: firstTask}
2021-09-09 22:29:59.303021Z	info	base	inmemory/inmemory.go:526	77E98CF2-A909-40B4-9D30-D0E49DF92A43, finish register event handler for {namespace: "Polaris", service: "polaris.discover", event: routing}, err <nil>
2021-09-09 22:29:59.803142Z	warn	base	common/discover.go:255	retry: task {namespace: "Polaris", service: "polaris.discover", event: instance} for error fail to connect to 9.141.66.219:8081, timeout is 500.1217ms, service is {ServiceKey: {namespace: "Polaris", service: "polaris-default"}, ClusterType: builtin}, because context deadline exceeded
2021-09-09 22:29:59.803142Z	info	base	common/discover.go:175	retry: start add priority task {namespace: "Polaris", service: "polaris.discover", event: instance}
2021-09-09 22:29:59.803142Z	info	base	common/discover.go:195	retry: start schedule task {namespace: "Polaris", service: "polaris.discover", event: instance}
2021-09-09 22:29:59.805095Z	error	base	startup/client_report.go:113	report client info:&{Host: Version:0.9.0 Timeout:1s PersistHandler:0x13f51c0}, error:Polaris-1007(ErrCodeNetworkError): fail to get connection, opKey ReportClient, cause: discover service {ServiceKey: {namespace: "Polaris", service: "polaris.discover"}, ClusterType: discover} is not ready
2021-09-09 22:29:59.805095Z	info	base	api/config.go:352	
-------77E98CF2-A909-40B4-9D30-D0E49DF92A43, SDKContext init successfully-------
2021-09-09 22:29:59.813884Z	info	base	common/discover.go:941	77E98CF2-A909-40B4-9D30-D0E49DF92A43, addFirstTask: start to add first task for {namespace: "Polaris", service: "polaris.discover", event: instance, longRun: firstTask}
2021-09-09 22:29:59.813884Z	info	base	common/discover.go:949	77E98CF2-A909-40B4-9D30-D0E49DF92A43, addFirstTask: finish add first task for {namespace: "Polaris", service: "polaris.discover", event: instance, longRun: firstTask}
2021-09-09 22:29:59.813884Z	info	base	common/discover.go:202	retry: success schedule task {namespace: "Polaris", service: "polaris.discover", event: instance}
2021-09-09 22:30:00.303265Z	warn	base	common/discover.go:255	retry: task {namespace: "Polaris", service: "polaris.discover", event: routing} for error fail to connect to 9.141.65.110:8081, timeout is 500.1223ms, service is {ServiceKey: {namespace: "Polaris", service: "polaris-default"}, ClusterType: builtin}, because context deadline exceeded
2021-09-09 22:30:00.303265Z	info	base	common/discover.go:175	retry: start add priority task {namespace: "Polaris", service: "polaris.discover", event: routing}
2021-09-09 22:30:00.303265Z	info	base	common/discover.go:195	retry: start schedule task {namespace: "Polaris", service: "polaris.discover", event: routing}
2021-09-09 22:30:00.314008Z	info	base	common/discover.go:941	77E98CF2-A909-40B4-9D30-D0E49DF92A43, addFirstTask: start to add first task for {namespace: "Polaris", service: "polaris.discover", event: routing, longRun: firstTask}
2021-09-09 22:30:00.314008Z	info	base	common/discover.go:949	77E98CF2-A909-40B4-9D30-D0E49DF92A43, addFirstTask: finish add first task for {namespace: "Polaris", service: "polaris.discover", event: routing, longRun: firstTask}
2021-09-09 22:30:00.314008Z	info	base	common/discover.go:202	retry: success schedule task {namespace: "Polaris", service: "polaris.discover", event: routing}
2021-09-09 22:30:00.804908Z	warn	base	common/discover.go:255	retry: task {namespace: "Polaris", service: "polaris.discover", event: instance} for error fail to connect to 9.141.65.29:8081, timeout is 501.6432ms, service is {ServiceKey: {namespace: "Polaris", service: "polaris-default"}, ClusterType: builtin}, because context deadline exceeded
2021-09-09 22:30:00.804908Z	info	base	common/discover.go:175	retry: start add priority task {namespace: "Polaris", service: "polaris.discover", event: instance}
2021-09-09 22:30:00.804908Z	info	base	common/discover.go:195	retry: start schedule task {namespace: "Polaris", service: "polaris.discover", event: instance}
2021-09-09 22:30:00.815650Z	info	base	common/discover.go:941	77E98CF2-A909-40B4-9D30-D0E49DF92A43, addFirstTask: start to add first task for {namespace: "Polaris", service: "polaris.discover", event: instance, longRun: firstTask}
2021-09-09 22:30:00.815650Z	info	base	common/discover.go:949	77E98CF2-A909-40B4-9D30-D0E49DF92A43, addFirstTask: finish add first task for {namespace: "Polaris", service: "polaris.discover", event: instance, longRun: firstTask}
2021-09-09 22:30:00.815650Z	info	base	common/discover.go:202	retry: success schedule task {namespace: "Polaris", service: "polaris.discover", event: instance}
2021-09-09 22:30:01.305539Z	warn	base	common/discover.go:255	retry: task {namespace: "Polaris", service: "polaris.discover", event: routing} for error fail to connect to 9.141.121.7:8081, timeout is 500.6307ms, service is {ServiceKey: {namespace: "Polaris", service: "polaris-default"}, ClusterType: builtin}, because context deadline exceeded
2021-09-09 22:30:01.305539Z	info	base	common/discover.go:175	retry: start add priority task {namespace: "Polaris", service: "polaris.discover", event: routing}
2021-09-09 22:30:01.305539Z	info	base	common/discover.go:195	retry: start schedule task {namespace: "Polaris", service: "polaris.discover", event: routing}
2021-09-09 22:30:01.315814Z	info	base	common/discover.go:941	77E98CF2-A909-40B4-9D30-D0E49DF92A43, addFirstTask: start to add first task for {namespace: "Polaris", service: "polaris.discover", event: routing, longRun: firstTask}
2021-09-09 22:30:01.315814Z	info	base	common/discover.go:949	77E98CF2-A909-40B4-9D30-D0E49DF92A43, addFirstTask: finish add first task for {namespace: "Polaris", service: "polaris.discover", event: routing, longRun: firstTask}
2021-09-09 22:30:01.315814Z	warn	base	data/util.go:173	retry register for timeout, consume time 509.8887ms, Namespace: default, Service: dummy, retry times: 0
2021-09-09 22:30:01.315814Z	info	base	common/discover.go:202	retry: success schedule task {namespace: "Polaris", service: "polaris.discover", event: routing}
2021-09-09 22:30:01.805717Z	warn	base	common/discover.go:255	retry: task {namespace: "Polaris", service: "polaris.discover", event: instance} for error fail to connect to 9.146.200.81:8081, timeout is 500.1781ms, service is {ServiceKey: {namespace: "Polaris", service: "polaris-default"}, ClusterType: builtin}, because context deadline exceeded
2021-09-09 22:30:01.805717Z	info	base	common/discover.go:175	retry: start add priority task {namespace: "Polaris", service: "polaris.discover", event: instance}
2021-09-09 22:30:01.805717Z	info	base	common/discover.go:195	retry: start schedule task {namespace: "Polaris", service: "polaris.discover", event: instance}
2021-09-09 22:30:01.816459Z	info	base	common/discover.go:941	77E98CF2-A909-40B4-9D30-D0E49DF92A43, addFirstTask: start to add first task for {namespace: "Polaris", service: "polaris.discover", event: instance, longRun: firstTask}
2021-09-09 22:30:01.816459Z	info	base	common/discover.go:949	77E98CF2-A909-40B4-9D30-D0E49DF92A43, addFirstTask: finish add first task for {namespace: "Polaris", service: "polaris.discover", event: instance, longRun: firstTask}
2021-09-09 22:30:01.816459Z	info	base	common/discover.go:202	retry: success schedule task {namespace: "Polaris", service: "polaris.discover", event: instance}
